<?xml version="1.0" encoding="UTF-8"?>
<!-- Generated by org.testng.reporters.JUnitXMLReporter -->
<testsuite ignored="0" hostname="DESKTOP-626S57B" failures="0" tests="4" name="Test" time="0.098" errors="0" timestamp="2022-04-10T20:45:13 IST">
  <testcase classname="projectarchiture.mavanjava.APITest" name="apiStart" time="0.013"/>
  <testcase classname="projectarchiture.mavanjava.APITest" name="apihit" time="0.002"/>
  <testcase classname="projectarchiture.mavanjava.AppiumTest" name="mobileStart" time="0.001"/>
  <testcase classname="projectarchiture.mavanjava.AppiumTest" name="mobilehit" time="0.002"/>
</testsuite> <!-- Test -->
