<?xml version="1.0" encoding="UTF-8"?>
<testng-results ignored="0" total="2" passed="2" failed="0" skipped="0">
  <reporter-output>
  </reporter-output>
  <suite started-at="2022-04-15T11:27:27 IST" name="Surefire suite" finished-at="2022-04-15T11:27:27 IST" duration-ms="103">
    <groups>
      <group name="Regression">
        <method signature="APITest.apihit()[pri:0, instance:projectarchiture.mavanjava.APITest@4c6e276e]" name="apihit" class="projectarchiture.mavanjava.APITest"/>
      </group> <!-- Regression -->
    </groups>
    <test started-at="2022-04-15T11:27:27 IST" name="Surefire test" finished-at="2022-04-15T11:27:27 IST" duration-ms="103">
      <class name="projectarchiture.mavanjava.APITest">
        <test-method signature="apiStart()[pri:0, instance:projectarchiture.mavanjava.APITest@4c6e276e]" started-at="2022-04-15T11:27:27 IST" name="apiStart" finished-at="2022-04-15T11:27:27 IST" duration-ms="11" status="PASS">
          <reporter-output>
          </reporter-output>
        </test-method> <!-- apiStart -->
        <test-method signature="apihit()[pri:0, instance:projectarchiture.mavanjava.APITest@4c6e276e]" started-at="2022-04-15T11:27:27 IST" name="apihit" finished-at="2022-04-15T11:27:27 IST" duration-ms="1" status="PASS">
          <reporter-output>
          </reporter-output>
        </test-method> <!-- apihit -->
      </class> <!-- projectarchiture.mavanjava.APITest -->
    </test> <!-- Surefire test -->
  </suite> <!-- Surefire suite -->
</testng-results>
