<?xml version="1.0" encoding="UTF-8"?>
<testng-results ignored="0" total="4" passed="4" failed="0" skipped="0">
  <reporter-output>
  </reporter-output>
  <suite started-at="2022-04-10T20:45:13 IST" name="Suite" finished-at="2022-04-10T20:45:13 IST" duration-ms="98">
    <groups>
      <group name="Regression">
        <method signature="APITest.apihit()[pri:0, instance:projectarchiture.mavanjava.APITest@614ca7df]" name="apihit" class="projectarchiture.mavanjava.APITest"/>
      </group> <!-- Regression -->
    </groups>
    <test started-at="2022-04-10T20:45:13 IST" name="Test" finished-at="2022-04-10T20:45:13 IST" duration-ms="98">
      <class name="projectarchiture.mavanjava.APITest">
        <test-method signature="apiStart()[pri:0, instance:projectarchiture.mavanjava.APITest@614ca7df]" started-at="2022-04-10T20:45:13 IST" name="apiStart" finished-at="2022-04-10T20:45:13 IST" duration-ms="13" status="PASS">
          <reporter-output>
          </reporter-output>
        </test-method> <!-- apiStart -->
        <test-method signature="apihit()[pri:0, instance:projectarchiture.mavanjava.APITest@614ca7df]" started-at="2022-04-10T20:45:13 IST" name="apihit" finished-at="2022-04-10T20:45:13 IST" duration-ms="2" status="PASS">
          <reporter-output>
          </reporter-output>
        </test-method> <!-- apihit -->
      </class> <!-- projectarchiture.mavanjava.APITest -->
      <class name="projectarchiture.mavanjava.AppiumTest">
        <test-method signature="mobileStart()[pri:0, instance:projectarchiture.mavanjava.AppiumTest@485966cc]" started-at="2022-04-10T20:45:13 IST" name="mobileStart" finished-at="2022-04-10T20:45:13 IST" duration-ms="1" status="PASS">
          <reporter-output>
          </reporter-output>
        </test-method> <!-- mobileStart -->
        <test-method signature="mobilehit()[pri:0, instance:projectarchiture.mavanjava.AppiumTest@485966cc]" started-at="2022-04-10T20:45:13 IST" name="mobilehit" finished-at="2022-04-10T20:45:13 IST" duration-ms="2" status="PASS">
          <reporter-output>
          </reporter-output>
        </test-method> <!-- mobilehit -->
      </class> <!-- projectarchiture.mavanjava.AppiumTest -->
    </test> <!-- Test -->
  </suite> <!-- Suite -->
</testng-results>
